<?xml version="1.0" encoding="UTF-8"?>
<!-- Generated by org.testng.reporters.JUnitReportReporter -->
<testsuite hostname="DESKTOP-GRF47FU" failures="0" tests="1" name="AdminScript.AddCarttest" time="79.451" errors="0" timestamp="2021-11-23T19:31:42 IST" skipped="0">
  <testcase classname="AdminScript.AddCarttest" name="AddCartTest" time="79.451"/>
  <system-out/>
</testsuite> <!-- AdminScript.AddCarttest -->
