<?xml version="1.0" encoding="UTF-8"?>
<!-- Generated by org.testng.reporters.JUnitReportReporter -->
<testsuite hostname="DESKTOP-GRF47FU" failures="0" tests="1" name="AdminScript.ShirtsPageTest" time="63.159" errors="0" timestamp="2021-11-23T12:44:11 IST" skipped="0">
  <testcase classname="AdminScript.ShirtsPageTest" name="ShirtPageTest" time="63.159"/>
  <system-out/>
</testsuite> <!-- AdminScript.ShirtsPageTest -->
